<?xml version="1.0" encoding="UTF-8"?>
<!-- Generated by org.testng.reporters.JUnitReportReporter -->
<testsuite hostname="Dell-PC" name="script.demoA" tests="2" failures="0" timestamp="14 Jun 2019 13:36:58 GMT" time="0.029" errors="0">
  <testcase name="test2" time="0.005" classname="script.demoA"/>
  <testcase name="test1" time="0.024" classname="script.demoA"/>
</testsuite> <!-- script.demoA -->
