<?xml version="1.0" encoding="UTF-8"?>
<!-- Generated by org.testng.reporters.JUnitReportReporter -->
<testsuite hostname="Dell-PC" name="script.TestBaseTest" tests="1" failures="0" timestamp="14 Jun 2019 14:07:15 GMT" time="16.479" errors="0">
  <testcase name="test" time="16.479" classname="script.TestBaseTest"/>
</testsuite> <!-- script.TestBaseTest -->
