<?xml version="1.0" encoding="UTF-8"?>
<!-- Generated by org.testng.reporters.JUnitReportReporter -->
<testsuite hostname="Dell-PC" name="generic.TestBaseTest" tests="1" failures="0" timestamp="11 Jun 2019 14:54:19 GMT" time="17.878" errors="0">
  <testcase name="test" time="17.878" classname="generic.TestBaseTest"/>
</testsuite> <!-- generic.TestBaseTest -->
